# JRE version: Java(TM) SE Runtime Environment (8.0_60-b27) (build 1.8.0_60-b27)
# Java VM: Java HotSpot(TM) 64-Bit Server VM (25.60-b23 mixed mode windows-amd64 compressed oops)
Heap:
 par new generation   total 157248K, used 19144K [0x00000000e0000000, 0x00000000eaaa0000, 0x00000000eaaa0000)
  eden space 139776K,  11% used [0x00000000e0000000, 0x00000000e0fc1ae8, 0x00000000e8880000)
  from space 17472K,  17% used [0x00000000e8880000, 0x00000000e8b707a0, 0x00000000e9990000)
  to   space 17472K,   0% used [0x00000000e9990000, 0x00000000e9990000, 0x00000000eaaa0000)
 concurrent mark-sweep generation total 349568K, used 299970K [0x00000000eaaa0000, 0x0000000100000000, 0x0000000100000000)
 Metaspace       used 43410K, capacity 44364K, committed 45056K, reserved 1089536K
  class space    used 3932K, capacity 4293K, committed 4608K, reserved 1048576K
GC Heap History (10 events):
Event: 4137.709 GC heap before
{Heap before GC invocations=1541 (full 14):
 par new generation   total 157248K, used 142890K [0x00000000e0000000, 0x00000000eaaa0000, 0x00000000eaaa0000)
  eden space 139776K,  99% used [0x00000000e0000000, 0x00000000e876c3c0, 0x00000000e8880000)
  from space 17472K,  24% used [0x00000000e9990000, 0x00000000e9dae7a8, 0x00000000eaaa0000)
  to   space 17472K,   0% used [0x00000000e8880000, 0x00000000e8880000, 0x00000000e9990000)
 concurrent mark-sweep generation total 349568K, used 299116K [0x00000000eaaa0000, 0x0000000100000000, 0x0000000100000000)
 Metaspace       used 43404K, capacity 44364K, committed 45056K, reserved 1089536K
  class space    used 3931K, capacity 4293K, committed 4608K, reserved 1048576K
Event: 4137.717 GC heap after
Heap after GC invocations=1542 (full 14):
 par new generation   total 157248K, used 4332K [0x00000000e0000000, 0x00000000eaaa0000, 0x00000000eaaa0000)
  eden space 139776K,   0% used [0x00000000e0000000, 0x00000000e0000000, 0x00000000e8880000)
  from space 17472K,  24% used [0x00000000e8880000, 0x00000000e8cbb210, 0x00000000e9990000)
  to   space 17472K,   0% used [0x00000000e9990000, 0x00000000e9990000, 0x00000000eaaa0000)
 concurrent mark-sweep generation total 349568K, used 299120K [0x00000000eaaa0000, 0x0000000100000000, 0x0000000100000000)
 Metaspace       used 43404K, capacity 44364K, committed 45056K, reserved 1089536K
  class space    used 3931K, capacity 4293K, committed 4608K, reserved 1048576K
}
Event: 4140.215 GC heap before
{Heap before GC invocations=1542 (full 14):
 par new generation   total 157248K, used 144108K [0x00000000e0000000, 0x00000000eaaa0000, 0x00000000eaaa0000)
  eden space 139776K, 100% used [0x00000000e0000000, 0x00000000e8880000, 0x00000000e8880000)
  from space 17472K,  24% used [0x00000000e8880000, 0x00000000e8cbb210, 0x00000000e9990000)
  to   space 17472K,   0% used [0x00000000e9990000, 0x00000000e9990000, 0x00000000eaaa0000)
 concurrent mark-sweep generation total 349568K, used 299120K [0x00000000eaaa0000, 0x0000000100000000, 0x0000000100000000)
 Metaspace       used 43404K, capacity 44364K, committed 45056K, reserved 1089536K
  class space    used 3931K, capacity 4293K, committed 4608K, reserved 1048576K
Event: 4140.224 GC heap after
Heap after GC invocations=1543 (full 14):
 par new generation   total 157248K, used 4422K [0x00000000e0000000, 0x00000000eaaa0000, 0x00000000eaaa0000)
  eden space 139776K,   0% used [0x00000000e0000000, 0x00000000e0000000, 0x00000000e8880000)
  from space 17472K,  25% used [0x00000000e9990000, 0x00000000e9de1950, 0x00000000eaaa0000)
  to   space 17472K,   0% used [0x00000000e8880000, 0x00000000e8880000, 0x00000000e9990000)
 concurrent mark-sweep generation total 349568K, used 299197K [0x00000000eaaa0000, 0x0000000100000000, 0x0000000100000000)
 Metaspace       used 43404K, capacity 44364K, committed 45056K, reserved 1089536K
  class space    used 3931K, capacity 4293K, committed 4608K, reserved 1048576K
}
Event: 4142.961 GC heap before
{Heap before GC invocations=1543 (full 14):
 par new generation   total 157248K, used 142925K [0x00000000e0000000, 0x00000000eaaa0000, 0x00000000eaaa0000)
  eden space 139776K,  99% used [0x00000000e0000000, 0x00000000e8741cb0, 0x00000000e8880000)
  from space 17472K,  25% used [0x00000000e9990000, 0x00000000e9de1950, 0x00000000eaaa0000)
  to   space 17472K,   0% used [0x00000000e8880000, 0x00000000e8880000, 0x00000000e9990000)
 concurrent mark-sweep generation total 349568K, used 299197K [0x00000000eaaa0000, 0x0000000100000000, 0x0000000100000000)
 Metaspace       used 43404K, capacity 44364K, committed 45056K, reserved 1089536K
  class space    used 3931K, capacity 4293K, committed 4608K, reserved 1048576K
Event: 4142.979 GC heap after
Heap after GC invocations=1544 (full 14):
 par new generation   total 157248K, used 5481K [0x00000000e0000000, 0x00000000eaaa0000, 0x00000000eaaa0000)
  eden space 139776K,   0% used [0x00000000e0000000, 0x00000000e0000000, 0x00000000e8880000)
  from space 17472K,  31% used [0x00000000e8880000, 0x00000000e8dda7f8, 0x00000000e9990000)
  to   space 17472K,   0% used [0x00000000e9990000, 0x00000000e9990000, 0x00000000eaaa0000)
 concurrent mark-sweep generation total 349568K, used 299925K [0x00000000eaaa0000, 0x0000000100000000, 0x0000000100000000)
 Metaspace       used 43404K, capacity 44364K, committed 45056K, reserved 1089536K
  class space    used 3931K, capacity 4293K, committed 4608K, reserved 1048576K
}
Event: 4145.740 GC heap before
{Heap before GC invocations=1544 (full 14):
 par new generation   total 157248K, used 145257K [0x00000000e0000000, 0x00000000eaaa0000, 0x00000000eaaa0000)
  eden space 139776K, 100% used [0x00000000e0000000, 0x00000000e8880000, 0x00000000e8880000)
  from space 17472K,  31% used [0x00000000e8880000, 0x00000000e8dda7f8, 0x00000000e9990000)
  to   space 17472K,   0% used [0x00000000e9990000, 0x00000000e9990000, 0x00000000eaaa0000)
 concurrent mark-sweep generation total 349568K, used 299925K [0x00000000eaaa0000, 0x0000000100000000, 0x0000000100000000)
 Metaspace       used 43404K, capacity 44364K, committed 45056K, reserved 1089536K
  class space    used 3931K, capacity 4293K, committed 4608K, reserved 1048576K
Event: 4145.743 GC heap after
Heap after GC invocations=1545 (full 14):
 par new generation   total 157248K, used 4860K [0x00000000e0000000, 0x00000000eaaa0000, 0x00000000eaaa0000)
  eden space 139776K,   0% used [0x00000000e0000000, 0x00000000e0000000, 0x00000000e8880000)
  from space 17472K,  27% used [0x00000000e9990000, 0x00000000e9e4f060, 0x00000000eaaa0000)
  to   space 17472K,   0% used [0x00000000e8880000, 0x00000000e8880000, 0x00000000e9990000)
 concurrent mark-sweep generation total 349568K, used 299949K [0x00000000eaaa0000, 0x0000000100000000, 0x0000000100000000)
 Metaspace       used 43404K, capacity 44364K, committed 45056K, reserved 1089536K
  class space    used 3931K, capacity 4293K, committed 4608K, reserved 1048576K
}
Event: 4148.470 GC heap before
{Heap before GC invocations=1545 (full 14):
 par new generation   total 157248K, used 143488K [0x00000000e0000000, 0x00000000eaaa0000, 0x00000000eaaa0000)
  eden space 139776K,  99% used [0x00000000e0000000, 0x00000000e8761138, 0x00000000e8880000)
  from space 17472K,  27% used [0x00000000e9990000, 0x00000000e9e4f060, 0x00000000eaaa0000)
  to   space 17472K,   0% used [0x00000000e8880000, 0x00000000e8880000, 0x00000000e9990000)
 concurrent mark-sweep generation total 349568K, used 299949K [0x00000000eaaa0000, 0x0000000100000000, 0x0000000100000000)
 Metaspace       used 43410K, capacity 44364K, committed 45056K, reserved 1089536K
  class space    used 3932K, capacity 4293K, committed 4608K, reserved 1048576K
Event: 4148.474 GC heap after
Heap after GC invocations=1546 (full 14):
 par new generation   total 157248K, used 3009K [0x00000000e0000000, 0x00000000eaaa0000, 0x00000000eaaa0000)
  eden space 139776K,   0% used [0x00000000e0000000, 0x00000000e0000000, 0x00000000e8880000)
  from space 17472K,  17% used [0x00000000e8880000, 0x00000000e8b707a0, 0x00000000e9990000)
  to   space 17472K,   0% used [0x00000000e9990000, 0x00000000e9990000, 0x00000000eaaa0000)
 concurrent mark-sweep generation total 349568K, used 299970K [0x00000000eaaa0000, 0x0000000100000000, 0x0000000100000000)
 Metaspace       used 43410K, capacity 44364K, committed 45056K, reserved 1089536K
  class space    used 3932K, capacity 4293K, committed 4608K, reserved 1048576K
}

